<?xml version="1.0" encoding="UTF-8"?>
<!-- Generated by org.testng.reporters.JUnitXMLReporter -->
<testsuite ignored="0" hostname="DESKTOP-31TC28M" failures="0" tests="16" name="Default test" time="86.794" errors="0" timestamp="2022-08-23T21:22:09 BDT">
  <testcase classname="Selenium1.Seleniumfirst1.gubportal" name="openUrl" time="3.14"/>
  <testcase classname="Selenium1.Seleniumfirst1.gubportal" name="Test1" time="4.494"/>
  <testcase classname="Selenium1.Seleniumfirst1.gubportal" name="Test2" time="12.276"/>
  <testcase classname="Selenium1.Seleniumfirst1.gubportal" name="Test3" time="6.965"/>
  <testcase classname="Selenium1.Seleniumfirst1.gubportal" name="Test4" time="6.159"/>
  <testcase classname="Selenium1.Seleniumfirst1.gubportal" name="Test5" time="6.746"/>
  <testcase classname="Selenium1.Seleniumfirst1.gubportal" name="Test6" time="2.466"/>
  <testcase classname="Selenium1.Seleniumfirst1.gubportal" name="Test7" time="2.293"/>
  <testcase classname="Selenium1.Seleniumfirst1.gubportal" name="Test8" time="2.319"/>
  <testcase classname="Selenium1.Seleniumfirst1.gubportal" name="Test9" time="2.285"/>
  <testcase classname="Selenium1.Seleniumfirst1.gubportal" name="Test10" time="2.273"/>
  <testcase classname="Selenium1.Seleniumfirst1.gubportal" name="Test11" time="6.705"/>
  <testcase classname="Selenium1.Seleniumfirst1.gubportal" name="Test12" time="8.721"/>
  <testcase classname="Selenium1.Seleniumfirst1.gubportal" name="Test13" time="8.613"/>
  <testcase classname="Selenium1.Seleniumfirst1.gubportal" name="Test14" time="8.833"/>
  <testcase classname="Selenium1.Seleniumfirst1.gubportal" name="Test15" time="2.355"/>
</testsuite> <!-- Default test -->
