<?xml version="1.0" encoding="UTF-8"?>
<testng-results ignored="0" total="16" passed="16" failed="0" skipped="0">
  <reporter-output>
  </reporter-output>
  <suite started-at="2022-08-23T21:20:43 BDT" name="Default suite" finished-at="2022-08-23T21:22:09 BDT" duration-ms="86794">
    <groups>
    </groups>
    <test started-at="2022-08-23T21:20:43 BDT" name="Default test" finished-at="2022-08-23T21:22:09 BDT" duration-ms="86794">
      <class name="Selenium1.Seleniumfirst1.gubportal">
        <test-method is-config="true" signature="start()[pri:0, instance:Selenium1.Seleniumfirst1.gubportal@2ddc9a9f]" started-at="2022-08-23T21:20:39 BDT" name="start" finished-at="2022-08-23T21:20:43 BDT" duration-ms="3925" status="PASS">
          <reporter-output>
          </reporter-output>
        </test-method> <!-- start -->
        <test-method signature="openUrl()[pri:0, instance:Selenium1.Seleniumfirst1.gubportal@2ddc9a9f]" started-at="2022-08-23T21:20:43 BDT" name="openUrl" finished-at="2022-08-23T21:20:46 BDT" duration-ms="3140" status="PASS">
          <reporter-output>
          </reporter-output>
        </test-method> <!-- openUrl -->
        <test-method signature="Test1()[pri:1, instance:Selenium1.Seleniumfirst1.gubportal@2ddc9a9f]" started-at="2022-08-23T21:20:46 BDT" name="Test1" finished-at="2022-08-23T21:20:50 BDT" duration-ms="4494" status="PASS">
          <reporter-output>
          </reporter-output>
        </test-method> <!-- Test1 -->
        <test-method signature="Test2()[pri:2, instance:Selenium1.Seleniumfirst1.gubportal@2ddc9a9f]" started-at="2022-08-23T21:20:50 BDT" name="Test2" finished-at="2022-08-23T21:21:03 BDT" duration-ms="12276" status="PASS">
          <reporter-output>
          </reporter-output>
        </test-method> <!-- Test2 -->
        <test-method signature="Test3()[pri:3, instance:Selenium1.Seleniumfirst1.gubportal@2ddc9a9f]" started-at="2022-08-23T21:21:03 BDT" name="Test3" finished-at="2022-08-23T21:21:10 BDT" duration-ms="6965" status="PASS">
          <reporter-output>
          </reporter-output>
        </test-method> <!-- Test3 -->
        <test-method signature="Test4()[pri:4, instance:Selenium1.Seleniumfirst1.gubportal@2ddc9a9f]" started-at="2022-08-23T21:21:10 BDT" name="Test4" finished-at="2022-08-23T21:21:16 BDT" duration-ms="6159" status="PASS">
          <reporter-output>
          </reporter-output>
        </test-method> <!-- Test4 -->
        <test-method signature="Test5()[pri:5, instance:Selenium1.Seleniumfirst1.gubportal@2ddc9a9f]" started-at="2022-08-23T21:21:16 BDT" name="Test5" finished-at="2022-08-23T21:21:23 BDT" duration-ms="6746" status="PASS">
          <reporter-output>
          </reporter-output>
        </test-method> <!-- Test5 -->
        <test-method signature="Test6()[pri:6, instance:Selenium1.Seleniumfirst1.gubportal@2ddc9a9f]" started-at="2022-08-23T21:21:23 BDT" name="Test6" finished-at="2022-08-23T21:21:25 BDT" duration-ms="2466" status="PASS">
          <reporter-output>
          </reporter-output>
        </test-method> <!-- Test6 -->
        <test-method signature="Test7()[pri:7, instance:Selenium1.Seleniumfirst1.gubportal@2ddc9a9f]" started-at="2022-08-23T21:21:25 BDT" name="Test7" finished-at="2022-08-23T21:21:27 BDT" duration-ms="2293" status="PASS">
          <reporter-output>
          </reporter-output>
        </test-method> <!-- Test7 -->
        <test-method signature="Test8()[pri:8, instance:Selenium1.Seleniumfirst1.gubportal@2ddc9a9f]" started-at="2022-08-23T21:21:27 BDT" name="Test8" finished-at="2022-08-23T21:21:30 BDT" duration-ms="2319" status="PASS">
          <reporter-output>
          </reporter-output>
        </test-method> <!-- Test8 -->
        <test-method signature="Test9()[pri:9, instance:Selenium1.Seleniumfirst1.gubportal@2ddc9a9f]" started-at="2022-08-23T21:21:30 BDT" name="Test9" finished-at="2022-08-23T21:21:32 BDT" duration-ms="2285" status="PASS">
          <reporter-output>
          </reporter-output>
        </test-method> <!-- Test9 -->
        <test-method signature="Test10()[pri:10, instance:Selenium1.Seleniumfirst1.gubportal@2ddc9a9f]" started-at="2022-08-23T21:21:32 BDT" name="Test10" finished-at="2022-08-23T21:21:34 BDT" duration-ms="2273" status="PASS">
          <reporter-output>
          </reporter-output>
        </test-method> <!-- Test10 -->
        <test-method signature="Test11()[pri:11, instance:Selenium1.Seleniumfirst1.gubportal@2ddc9a9f]" started-at="2022-08-23T21:21:34 BDT" name="Test11" finished-at="2022-08-23T21:21:41 BDT" duration-ms="6705" status="PASS">
          <reporter-output>
          </reporter-output>
        </test-method> <!-- Test11 -->
        <test-method signature="Test12()[pri:12, instance:Selenium1.Seleniumfirst1.gubportal@2ddc9a9f]" started-at="2022-08-23T21:21:41 BDT" name="Test12" finished-at="2022-08-23T21:21:50 BDT" duration-ms="8721" status="PASS">
          <reporter-output>
          </reporter-output>
        </test-method> <!-- Test12 -->
        <test-method signature="Test13()[pri:13, instance:Selenium1.Seleniumfirst1.gubportal@2ddc9a9f]" started-at="2022-08-23T21:21:50 BDT" name="Test13" finished-at="2022-08-23T21:21:58 BDT" duration-ms="8613" status="PASS">
          <reporter-output>
          </reporter-output>
        </test-method> <!-- Test13 -->
        <test-method signature="Test14()[pri:14, instance:Selenium1.Seleniumfirst1.gubportal@2ddc9a9f]" started-at="2022-08-23T21:21:58 BDT" name="Test14" finished-at="2022-08-23T21:22:07 BDT" duration-ms="8833" status="PASS">
          <reporter-output>
          </reporter-output>
        </test-method> <!-- Test14 -->
        <test-method signature="Test15()[pri:15, instance:Selenium1.Seleniumfirst1.gubportal@2ddc9a9f]" started-at="2022-08-23T21:22:07 BDT" name="Test15" finished-at="2022-08-23T21:22:09 BDT" duration-ms="2355" status="PASS">
          <reporter-output>
          </reporter-output>
        </test-method> <!-- Test15 -->
        <test-method is-config="true" signature="close()[pri:0, instance:Selenium1.Seleniumfirst1.gubportal@2ddc9a9f]" started-at="2022-08-23T21:22:10 BDT" name="close" finished-at="2022-08-23T21:22:10 BDT" duration-ms="1" status="PASS">
          <reporter-output>
          </reporter-output>
        </test-method> <!-- close -->
      </class> <!-- Selenium1.Seleniumfirst1.gubportal -->
    </test> <!-- Default test -->
  </suite> <!-- Default suite -->
</testng-results>
